<?xml version="1.0" encoding="UTF-8"?>
<!-- Generated by org.testng.reporters.JUnitXMLReporter -->
<testsuite ignored="1" hostname="LAPTOP-250JG13J" failures="1" tests="16" name="Test" time="1.242" errors="0" timestamp="2025-04-26T18:46:10 IST">
  <testcase classname="day19.TestNG.Example5" name="testActitime" time="0.018"/>
  <testcase classname="day19.TestNG.Example5" name="testOrangeHrm" time="0.001"/>
  <testcase classname="day19.TestNG.Example4" name="testLoginOrangeHrm" time="0.002"/>
  <testcase classname="day19.TestNG.Example4" name="testPIMCreationOrangeHrm" time="0.001">
    <failure type="java.lang.ArithmeticException" message="/ by zero">
      <![CDATA[java.lang.ArithmeticException: / by zero
at day19.TestNG.Example4.testPIMCreationOrangeHrm(Example4.java:14)
at java.base/java.util.ArrayList.forEach(ArrayList.java:1511)
... Removed 25 stack frames]]>
    </failure>
  </testcase> <!-- testPIMCreationOrangeHrm -->
  <testcase classname="day19.TestNG.Example4" name="testPIMDeleteOrangeHrm" time="0.0">
    <skipped/>
  </testcase> <!-- testPIMDeleteOrangeHrm -->
  <testcase classname="day19.TestNG.Example4" name="testLogoutOrangeHrm" time="0.001"/>
  <testcase classname="day19.TestNG.Example3" name="testLoginOrangeHrm" time="1.022"/>
  <testcase classname="day19.TestNG.Example3" name="testPIMUpdateOrangeHrm" time="0.006"/>
  <testcase classname="day19.TestNG.Example3" name="testPIMDeleteOrangeHrm" time="0.003"/>
  <testcase classname="day19.TestNG.Example3" name="testLogoutOrangeHrm" time="0.006"/>
  <testcase classname="day19.TestNG.Example2" name="TC1" time="0.003"/>
  <testcase classname="day19.TestNG.Example2" name="TC2" time="0.005"/>
  <testcase classname="day19.TestNG.Example2" name="TC3" time="0.004"/>
  <testcase classname="day19.TestNG.Example1" name="TC1" time="0.004"/>
  <testcase classname="day19.TestNG.Example02" name="TC2" time="0.003"/>
  <testcase classname="day19.TestNG.Example02" name="TC3" time="0.004"/>
  <testcase classname="day19.TestNG.Example3" name="testPIMCreationOrangeHrm" time="0.0">
    <ignored/>
  </testcase> <!-- testPIMCreationOrangeHrm -->
</testsuite> <!-- Test -->
